Arguments: 
  C:\Program Files\nodejs\node.exe C:\Users\WIN 10\AppData\Roaming\npm\node_modules\yarn\bin\yarn.js add http

PATH: 
  C:\Program Files\Microsoft MPI\Bin\;C:\Program Files\Eclipse Adoptium\jdk-17.0.1.12-hotspot\bin;C:\Program Files\Common Files\Oracle\Java\javapath;C:\WINDOWS\system32;C:\WINDOWS;C:\WINDOWS\System32\Wbem;C:\WINDOWS\System32\WindowsPowerShell\v1.0\;C:\WINDOWS\System32\OpenSSH\;C:\Program Files\Microsoft SQL Server\Client SDK\ODBC\170\Tools\Binn\;C:\Program Files (x86)\Microsoft SQL Server\140\Tools\Binn\;C:\Program Files\Microsoft SQL Server\140\Tools\Binn\;C:\Program Files (x86)\Microsoft SQL Server\140\DTS\Binn\;C:\Program Files\Microsoft SQL Server\140\DTS\Binn\;C:\Program Files\Microsoft SQL Server\Client SDK\ODBC\130\Tools\Binn\;C:\Program Files (x86)\Microsoft SQL Server\Client SDK\ODBC\130\Tools\Binn\;C:\Program Files (x86)\Microsoft SQL Server\140\Tools\Binn\ManagementStudio\;C:\Program Files\dotnet\;C:\Program Files\Microsoft SQL Server\Client SDK\ODBC\110\Tools\Binn\;C:\Program Files\Azure Data Studio\bin;C:\Program Files\Git\cmd;C:\Program Files\Docker\Docker\resources\bin;C:\ProgramData\DockerDesktop\version-bin;C:\Program Files\nodejs\;C:\ProgramData\chocolatey\bin;C:\WINDOWS\system32;C:\WINDOWS;C:\WINDOWS\System32\Wbem;C:\WINDOWS\System32\WindowsPowerShell\v1.0\;C:\WINDOWS\System32\OpenSSH\;C:\Program Files\MATLAB\R2022b\bin;;C:\Program Files (x86)\NVIDIA Corporation\PhysX\Common;C:\Program Files\NVIDIA Corporation\NVIDIA NvDLISR;C:\Program Files\MySQL\MySQL Shell 8.0\bin\;C:\Users\WIN 10\AppData\Local\Microsoft\WindowsApps;C:\Program Files\Azure Data Studio\bin;C:\Users\WIN 10\.dotnet\tools;C:\Users\WIN 10\AppData\Local\GitHubDesktop\bin;C:\Users\WIN 10\AppData\Roaming\npm;C:\Users\WIN 10\AppData\Local\Programs\Microsoft VS Code\bin

Yarn version: 
  1.22.19

Node version: 
  16.17.0

Platform: 
  win32 x64

Trace: 
  Error: https://github.com/testing-library/jest-dom: socket hang up
      at connResetException (node:internal/errors:704:14)
      at TLSSocket.socketOnEnd (node:_http_client:505:23)
      at TLSSocket.emit (node:events:525:35)
      at endReadableNT (node:internal/streams/readable:1358:12)
      at processTicksAndRejections (node:internal/process/task_queues:83:21)

npm manifest: 
  {
    "name": "telepro",
    "version": "0.0.0",
    "scripts": {
      "dev": "vite",
      "build": "tsc && vite build",
      "preview": "vite preview"
    },
    "dependencies": {
      "@material-ui/core": "^4.12.4",
      "@testing-library/jest-dom": "github:testing-library/jest-dom",
      "@testing-library/react": "^13.4.0",
      "@testing-library/user-event": "github:testing-library/user-event",
      "@types/jest": "^29.2.3",
      "@types/material-ui": "^0.21.12",
      "@types/node": "^18.11.9",
      "@types/react-custom-scrollbars": "^4.0.10",
      "@types/react-redux": "^7.1.24",
      "@types/react-router-dom": "^5.3.3",
      "@types/redux": "^3.6.0",
      "@types/simple-peer": "^9.11.5",
      "@types/socket.io-client": "^1.4.34",
      "@types/styled-components": "^5.1.26",
      "@types/uuid": "^8.3.4",
      "axios": "^1.1.3",
      "dayjs": "^1.10.7",
      "dotenv": "^16.0.3",
      "emoji-mart": "^3.0.1",
      "firebase": "^9.6.4",
      "jwt-decode": "^3.1.2",
      "lodash.kebabcase": "^4.1.1",
      "moment": "^2.29.4",
      "react": "^17.0.2",
      "react-cssfx-loading": "^1.0.3",
      "react-dom": "^17.0.2",
      "react-infinite-scroll-component": "^6.1.0",
      "react-router-dom": "^6.2.1",
      "react-script": "^2.0.5",
      "redux": "^4.2.0",
      "simple-peer": "^9.11.1",
      "socket.io-client": "^2.3.0",
      "styled-components": "^5.3.6",
      "testing-library": "^0.0.2",
      "uuid": "^9.0.0",
      "web-vitals": "^3.0.4",
      "zustand": "^3.6.9"
    },
    "devDependencies": {
      "@types/emoji-mart": "^3.0.9",
      "@types/react": "^17.0.52",
      "@types/react-dom": "^17.0.18",
      "@vitejs/plugin-react": "^1.0.7",
      "autoprefixer": "^10.4.2",
      "postcss": "^8.4.5",
      "prettier-plugin-tailwindcss": "^0.1.5",
      "tailwindcss": "^3.0.17",
      "typescript": "^4.9.3",
      "vite": "^2.7.2"
    }
  }

yarn manifest: 
  No manifest

Lockfile: 
  No lockfile
